02_読書メモ/達人に学ぶSQL徹底指南書 第2版 初級者で終わりたくないあなたへ CodeZine BOOKS-ミック.md
Books/図解眠れなくなるほど面白い社会心理学.md
Books/すべての道はローマに通ず.md
Books/パクス・ロマーナ 中.md
02_読書メモ/男女脳戦略。- メンタリスト DaiGo.md
Books/財務3表一体理解法.md
Books/財務3表図解分析法.md
Books/SQL緊急救命室 _ 非効率なコードを改善せよ!.md
Books/ローマ帝国 _ ココがすごい!永遠の都ローマ _ 『永遠の都ローマ展』『テルマエ展』美術展の観どころ徹底紹介!.md
02_読書メモ/ようこそ実力至上主義の教室へ　２年生編２- 衣笠彰梧 and トモセ シュンサク.md
02_読書メモ/傷のあわい- 宮地尚子.md
Books/小泉八雲　「見えない日本」を見た人.md
Books/基本・応用・凄技が一冊に詰まったもっと使いこなすためのExcel厳選テクニック = Selected Techniques for Excel.md
02_読書メモ/花王の経理パーソンになる- 吉田栄介 and 花王株式会社会計財務部門.md
02_読書メモ/重慶001はじめての重慶　～内陸中国、第４の「直轄市」 まちごとチャイナ- 「アジア城市（まち）案内」制作委員会.md
Books/危機と克服 中.md
02_読書メモ/日商簿記2級○×式一問一答問題集- 近藤孝之.md
02_読書メモ/ホントにゼロからの簿記３級 『ふくしままさゆきのホントに』シリーズ- ふくしままさゆき.md
02_読書メモ/重慶004大足　～天国と地獄の「石刻絵巻」 まちごとチャイナ- 「アジア城市(まち)案内」制作委員会.md
02_読書メモ/ザ・ゴール- エリヤフ ゴールドラット, 三本木 亮, and 稲垣 公夫.md
Books/運命の絵 [3].md
